<?xml version="1.0" encoding="UTF-8"?>
<!-- Generated by org.testng.reporters.JUnitXMLReporter -->
<testsuite hostname="KALAMSIR-PC" ignored="0" name="Test" tests="4" failures="0" timestamp="2022-11-05T12:53:46 IST" time="0.049" errors="0">
  <testcase name="method2" time="0.019" classname="practicetestng.DummyTest1"/>
  <testcase name="method1" time="0.019" classname="practicetestng.DummyTest1"/>
  <testcase name="method1" time="0.019" classname="practicetestng.DummyTest2"/>
  <testcase name="method2" time="0.019" classname="practicetestng.DummyTest2"/>
</testsuite> <!-- Test -->
