<?xml version="1.0" encoding="UTF-8"?>
<!-- Generated by org.testng.reporters.JUnitXMLReporter -->
<testsuite hostname="KALAMSIR-PC" ignored="0" name="Iteration3" tests="4" failures="0" timestamp="2021-12-19T15:56:44 IST" time="22.943" errors="0">
  <testcase name="launch" time="16.705" classname="tests.LoginTest4WithXml"/>
  <testcase name="uidTest" time="5.385" classname="tests.LoginTest4WithXml"/>
  <testcase name="pwdTest" time="0.0" classname="tests.LoginTest4WithXml"/>
  <testcase name="close" time="0.783" classname="tests.LoginTest4WithXml"/>
</testsuite> <!-- Iteration3 -->
