<?xml version="1.0" encoding="UTF-8"?>
<!-- Generated by org.testng.reporters.JUnitXMLReporter -->
<testsuite hostname="KALAMSIR-PC" ignored="0" name="Iteration1" tests="4" failures="0" timestamp="2021-12-19T15:56:58 IST" time="36.176" errors="0">
  <testcase name="launch" time="14.71" classname="tests.LoginTest4WithXml"/>
  <testcase name="uidTest" time="6.355" classname="tests.LoginTest4WithXml"/>
  <testcase name="pwdTest" time="14.395" classname="tests.LoginTest4WithXml"/>
  <testcase name="close" time="0.644" classname="tests.LoginTest4WithXml"/>
</testsuite> <!-- Iteration1 -->
