<?xml version="1.0" encoding="UTF-8"?>
<testsuite xmlns:xsi="http://www.w3.org/2001/XMLSchema-instance" xsi:noNamespaceSchemaLocation="https://maven.apache.org/surefire/maven-surefire-plugin/xsd/surefire-test-report-3.0.xsd" version="3.0" name="TestSuite" time="37.039" tests="20" errors="0" skipped="0" failures="0">
  <properties>
[...]
</properties>
  <testcase name="launch" classname="tests.LoginTest4WithXml" time="14.373"/>
  <testcase name="launch" classname="tests.LoginTest4WithXml" time="0.32"/>
  <testcase name="launch" classname="tests.LoginTest4WithXml" time="0.142"/>
  <testcase name="launch" classname="tests.LoginTest4WithXml" time="0.924"/>
  <testcase name="launch" classname="tests.LoginTest4WithXml" time="0.928"/>
  <testcase name="uidTest" classname="tests.LoginTest4WithXml" time="4.068"/>
  <testcase name="uidTest" classname="tests.LoginTest4WithXml" time="0.124"/>
  <testcase name="uidTest" classname="tests.LoginTest4WithXml" time="0.166"/>
  <testcase name="uidTest" classname="tests.LoginTest4WithXml" time="0.873"/>
  <testcase name="uidTest" classname="tests.LoginTest4WithXml" time="0.151"/>
  <testcase name="pwdTest" classname="tests.LoginTest4WithXml" time="0.001"/>
  <testcase name="pwdTest" classname="tests.LoginTest4WithXml" time="0"/>
  <testcase name="pwdTest" classname="tests.LoginTest4WithXml" time="4.277"/>
  <testcase name="pwdTest" classname="tests.LoginTest4WithXml" time="1.198"/>
  <testcase name="pwdTest" classname="tests.LoginTest4WithXml" time="7.895"/>
  <testcase name="close" classname="tests.LoginTest4WithXml" time="0.045"/>
  <testcase name="close" classname="tests.LoginTest4WithXml" time="0.783"/>
  <testcase name="close" classname="tests.LoginTest4WithXml" time="1.137"/>
  <testcase name="close" classname="tests.LoginTest4WithXml" time="0.951"/>
  <testcase name="close" classname="tests.LoginTest4WithXml" time="0.644"/>
</testsuite>